Simple mixer control 'Master',0
  Capabilities: pvolume pvolume-joined pswitch pswitch-joined
  Playback channels: Mono
  Limits: Playback 0 - 42
  Mono: Playback 38 [90%] [-6.00dB] [on]
First arg:  50
Warning: Ignoring XDG_SESSION_TYPE=wayland on Gnome. Use QT_QPA_PLATFORM=wayland to run on Wayland anyway.
-r-x------ 1 sbp366x24 sbp366x24 2519287 Dec 25  2018 /home/sbp366x24/Music/EAR_AUDIO/TRILLIONAIRE/Thomas_J._Stanley,_Ph.D/The_Millionaire_Next_Door/14_04_14.mp3
High Performance MPEG 1.0/2.0/2.5 Audio Player for Layer 1, 2, and 3.
Version 0.3.2-1 (2012/03/25). Written and copyrights by Joe Drew,
now maintained by Nanakos Chrysostomos and others.
Uses code from various people. See 'README' for more!
THIS SOFTWARE COMES WITH ABSOLUTELY NO WARRANTY! USE AT YOUR OWN RISK!
tcgetattr(): Inappropriate ioctl for device
Title	: 04-14                          Artist : Thomas J. Stanley, Ph.D.      
Album	: The Millionaire Next Door Disc Year	 :                               
Comment :                                Genre : Personal Accounting           

Directory: /home/sbp366x24/Music/EAR_AUDIO/TRILLIONAIRE/Thomas_J._Stanley,_Ph.D/The_Millionaire_Next_Door
Playing MPEG stream from 14_04_14.mp3 ...
MPEG 1.0 layer III, 128 kbit/s, 44100 Hz joint-stereo
Falkon: 1 extensions loaded
[322073:7:0910/202008.449545:ERROR:command_buffer_proxy_impl.cc(141)] ContextResult::kTransientFailure: Failed to send GpuChannelMsg_CreateCommandBuffer.
Warning: Ignoring XDG_SESSION_TYPE=wayland on Gnome. Use QT_QPA_PLATFORM=wayland to run on Wayland anyway.
                                                                            
[2:37] Decoding of 14_04_14.mp3 finished.
-r-x------ 1 sbp366x24 sbp366x24 3246118 Dec 25  2018 /home/sbp366x24/Music/EAR_AUDIO/TRILLIONAIRE/Thomas_J._Stanley,_Ph.D/The_Millionaire_Next_Door/07_04_07.mp3
High Performance MPEG 1.0/2.0/2.5 Audio Player for Layer 1, 2, and 3.
Version 0.3.2-1 (2012/03/25). Written and copyrights by Joe Drew,
now maintained by Nanakos Chrysostomos and others.
Uses code from various people. See 'README' for more!
THIS SOFTWARE COMES WITH ABSOLUTELY NO WARRANTY! USE AT YOUR OWN RISK!
tcgetattr(): Inappropriate ioctl for device
Title	: 04-07                          Artist : Thomas J. Stanley, Ph.D.      
Album	: The Millionaire Next Door Disc Year	 :                               
Comment :                                Genre : Personal Accounting           

Directory: /home/sbp366x24/Music/EAR_AUDIO/TRILLIONAIRE/Thomas_J._Stanley,_Ph.D/The_Millionaire_Next_Door
Playing MPEG stream from 07_04_07.mp3 ...
MPEG 1.0 layer III, 128 kbit/s, 44100 Hz joint-stereo
The X11 connection broke (error 1). Did the X11 server die?
The X11 connection broke: I/O error (code 1)
X connection to :0 broken (explicit kill or server shutdown).
                                                                            
[3:23] Decoding of 07_04_07.mp3 finished.
-r-x------ 1 sbp366x24 sbp366x24 3296575 Dec 25  2018 /home/sbp366x24/Music/EAR_AUDIO/TRILLIONAIRE/Thomas_J._Stanley,_Ph.D/The_Millionaire_Next_Door_Disc_4/06_04_06.mp3
High Performance MPEG 1.0/2.0/2.5 Audio Player for Layer 1, 2, and 3.
Version 0.3.2-1 (2012/03/25). Written and copyrights by Joe Drew,
now maintained by Nanakos Chrysostomos and others.
Uses code from various people. See 'README' for more!
THIS SOFTWARE COMES WITH ABSOLUTELY NO WARRANTY! USE AT YOUR OWN RISK!
tcgetattr(): Inappropriate ioctl for device
Title	: 04-06                          Artist : Thomas J. Stanley, Ph.D.      
Album	: The Millionaire Next Door Disc Year	 :                               
Comment :                                Genre : Personal Accounting           

Directory: /home/sbp366x24/Music/EAR_AUDIO/TRILLIONAIRE/Thomas_J._Stanley,_Ph.D/The_Millionaire_Next_Door_Disc_4
Playing MPEG stream from 06_04_06.mp3 ...
MPEG 1.0 layer III, 128 kbit/s, 44100 Hz joint-stereo
Error opening unknown libao pulse driver. (Is device in use?)
-r-x------ 1 sbp366x24 sbp366x24 3649774 Dec 25  2018 /home/sbp366x24/Music/EAR_AUDIO/TRILLIONAIRE/Thomas_J._Stanley,_Ph.D/The_Millionaire_Next_Door_Disc_5/22_5_22.mp3
High Performance MPEG 1.0/2.0/2.5 Audio Player for Layer 1, 2, and 3.
Version 0.3.2-1 (2012/03/25). Written and copyrights by Joe Drew,
now maintained by Nanakos Chrysostomos and others.
Uses code from various people. See 'README' for more!
THIS SOFTWARE COMES WITH ABSOLUTELY NO WARRANTY! USE AT YOUR OWN RISK!
tcgetattr(): Inappropriate ioctl for device
Title	: 5-22                           Artist : Thomas J. Stanley, Ph.D.      
Album	: The Millionaire Next Door Disc Year	 :                               
Comment :                                Genre : Personal Accounting           

Directory: /home/sbp366x24/Music/EAR_AUDIO/TRILLIONAIRE/Thomas_J._Stanley,_Ph.D/The_Millionaire_Next_Door_Disc_5
Playing MPEG stream from 22_5_22.mp3 ...
MPEG 1.0 layer III, 128 kbit/s, 44100 Hz joint-stereo
Error opening unknown libao pulse driver. (Is device in use?)
-r-x------ 1 sbp366x24 sbp366x24 2957971 Dec 25  2018 /home/sbp366x24/Music/EAR_AUDIO/TRILLIONAIRE/Thomas_J._Stanley,_Ph.D/The_Millionaire_Next_Door_Disc_7/12_12.mp3
High Performance MPEG 1.0/2.0/2.5 Audio Player for Layer 1, 2, and 3.
Version 0.3.2-1 (2012/03/25). Written and copyrights by Joe Drew,
now maintained by Nanakos Chrysostomos and others.
Uses code from various people. See 'README' for more!
THIS SOFTWARE COMES WITH ABSOLUTELY NO WARRANTY! USE AT YOUR OWN RISK!
tcgetattr(): Inappropriate ioctl for device
Title	: 12                             Artist : Thomas J. Stanley, Ph.D.      
Album	: The Millionaire Next Door Disc Year	 :                               
Comment :                                Genre : Personal Accounting           

Directory: /home/sbp366x24/Music/EAR_AUDIO/TRILLIONAIRE/Thomas_J._Stanley,_Ph.D/The_Millionaire_Next_Door_Disc_7
Playing MPEG stream from 12_12.mp3 ...
MPEG 1.0 layer III, 128 kbit/s, 44100 Hz joint-stereo
Error opening unknown libao pulse driver. (Is device in use?)
-r-x------ 1 sbp366x24 sbp366x24 3828667 Dec 25  2018 /home/sbp366x24/Music/EAR_AUDIO/TRILLIONAIRE/Thomas_J._Stanley,_Ph.D/The_Millionaire_Next_Door_Disc_7/14_14.mp3
High Performance MPEG 1.0/2.0/2.5 Audio Player for Layer 1, 2, and 3.
Version 0.3.2-1 (2012/03/25). Written and copyrights by Joe Drew,
now maintained by Nanakos Chrysostomos and others.
Uses code from various people. See 'README' for more!
THIS SOFTWARE COMES WITH ABSOLUTELY NO WARRANTY! USE AT YOUR OWN RISK!
tcgetattr(): Inappropriate ioctl for device
Title	: 14                             Artist : Thomas J. Stanley, Ph.D.      
Album	: The Millionaire Next Door Disc Year	 :                               
Comment :                                Genre : Personal Accounting           

Directory: /home/sbp366x24/Music/EAR_AUDIO/TRILLIONAIRE/Thomas_J._Stanley,_Ph.D/The_Millionaire_Next_Door_Disc_7
Playing MPEG stream from 14_14.mp3 ...
MPEG 1.0 layer III, 128 kbit/s, 44100 Hz joint-stereo
Error opening unknown libao pulse driver. (Is device in use?)
-r-x------ 1 sbp366x24 sbp366x24 2851636 Dec 25  2018 /home/sbp366x24/Music/EAR_AUDIO/TRILLIONAIRE/Thomas_J._Stanley,_Ph.D/The_Millionaire_Next_Door_Disc_6/10_10.mp3
High Performance MPEG 1.0/2.0/2.5 Audio Player for Layer 1, 2, and 3.
Version 0.3.2-1 (2012/03/25). Written and copyrights by Joe Drew,
now maintained by Nanakos Chrysostomos and others.
Uses code from various people. See 'README' for more!
THIS SOFTWARE COMES WITH ABSOLUTELY NO WARRANTY! USE AT YOUR OWN RISK!
tcgetattr(): Inappropriate ioctl for device
Title	: 10                             Artist : Thomas J. Stanley, Ph.D.      
Album	: The Millionaire Next Door Disc Year	 :                               
Comment :                                Genre : Personal Accounting           

Directory: /home/sbp366x24/Music/EAR_AUDIO/TRILLIONAIRE/Thomas_J._Stanley,_Ph.D/The_Millionaire_Next_Door_Disc_6
Playing MPEG stream from 10_10.mp3 ...
MPEG 1.0 layer III, 128 kbit/s, 44100 Hz joint-stereo
Error opening unknown libao pulse driver. (Is device in use?)
-r-x------ 1 sbp366x24 sbp366x24 2903761 Dec 25  2018 /home/sbp366x24/Music/EAR_AUDIO/TRILLIONAIRE/Thomas_J._Stanley,_Ph.D/The_Millionaire_Next_Door/03_01_03.mp3
High Performance MPEG 1.0/2.0/2.5 Audio Player for Layer 1, 2, and 3.
Version 0.3.2-1 (2012/03/25). Written and copyrights by Joe Drew,
now maintained by Nanakos Chrysostomos and others.
Uses code from various people. See 'README' for more!
THIS SOFTWARE COMES WITH ABSOLUTELY NO WARRANTY! USE AT YOUR OWN RISK!
tcgetattr(): Inappropriate ioctl for device
Title	: 01-03                          Artist : Thomas J. Stanley, Ph.D.      
Album	: The Millionaire Next Door Disc Year	 :                               
Comment :                                Genre : Personal Accounting           

Directory: /home/sbp366x24/Music/EAR_AUDIO/TRILLIONAIRE/Thomas_J._Stanley,_Ph.D/The_Millionaire_Next_Door
Playing MPEG stream from 03_01_03.mp3 ...
MPEG 1.0 layer III, 128 kbit/s, 44100 Hz joint-stereo
Error opening unknown libao pulse driver. (Is device in use?)
-r-x------ 1 sbp366x24 sbp366x24 3090994 Dec 25  2018 /home/sbp366x24/Music/EAR_AUDIO/TRILLIONAIRE/Thomas_J._Stanley,_Ph.D/The_Millionaire_Next_Door/22_Track_22.mp3
High Performance MPEG 1.0/2.0/2.5 Audio Player for Layer 1, 2, and 3.
Version 0.3.2-1 (2012/03/25). Written and copyrights by Joe Drew,
now maintained by Nanakos Chrysostomos and others.
Uses code from various people. See 'README' for more!
THIS SOFTWARE COMES WITH ABSOLUTELY NO WARRANTY! USE AT YOUR OWN RISK!
tcgetattr(): Inappropriate ioctl for device
Title	: Track 22                       Artist : Thomas J. Stanley, Ph.D.      
Album	: The Millionaire Next Door Disc Year	 :                               
Comment :                                Genre : Soundtracks                   

Directory: /home/sbp366x24/Music/EAR_AUDIO/TRILLIONAIRE/Thomas_J._Stanley,_Ph.D/The_Millionaire_Next_Door
Playing MPEG stream from 22_Track_22.mp3 ...
MPEG 1.0 layer III, 128 kbit/s, 44100 Hz joint-stereo
Error opening unknown libao pulse driver. (Is device in use?)
-r-x------ 1 sbp366x24 sbp366x24 2881660 Dec 25  2018 /home/sbp366x24/Music/EAR_AUDIO/TRILLIONAIRE/Thomas_J._Stanley,_Ph.D/The_Millionaire_Next_Door_Disc_6/08_8.mp3
High Performance MPEG 1.0/2.0/2.5 Audio Player for Layer 1, 2, and 3.
Version 0.3.2-1 (2012/03/25). Written and copyrights by Joe Drew,
now maintained by Nanakos Chrysostomos and others.
Uses code from various people. See 'README' for more!
THIS SOFTWARE COMES WITH ABSOLUTELY NO WARRANTY! USE AT YOUR OWN RISK!
tcgetattr(): Inappropriate ioctl for device
Title	: 8                              Artist : Thomas J. Stanley, Ph.D.      
Album	: The Millionaire Next Door Disc Year	 :                               
Comment :                                Genre : Personal Accounting           

Directory: /home/sbp366x24/Music/EAR_AUDIO/TRILLIONAIRE/Thomas_J._Stanley,_Ph.D/The_Millionaire_Next_Door_Disc_6
Playing MPEG stream from 08_8.mp3 ...
MPEG 1.0 layer III, 128 kbit/s, 44100 Hz joint-stereo
Error opening unknown libao pulse driver. (Is device in use?)
-r-x------ 1 sbp366x24 sbp366x24 3035533 Dec 25  2018 /home/sbp366x24/Music/EAR_AUDIO/TRILLIONAIRE/Thomas_J._Stanley,_Ph.D/The_Millionaire_Next_Door_Disc_7/18_18.mp3
High Performance MPEG 1.0/2.0/2.5 Audio Player for Layer 1, 2, and 3.
Version 0.3.2-1 (2012/03/25). Written and copyrights by Joe Drew,
now maintained by Nanakos Chrysostomos and others.
Uses code from various people. See 'README' for more!
THIS SOFTWARE COMES WITH ABSOLUTELY NO WARRANTY! USE AT YOUR OWN RISK!
tcgetattr(): Inappropriate ioctl for device
Title	: 18                             Artist : Thomas J. Stanley, Ph.D.      
Album	: The Millionaire Next Door Disc Year	 :                               
Comment :                                Genre : Personal Accounting           

Directory: /home/sbp366x24/Music/EAR_AUDIO/TRILLIONAIRE/Thomas_J._Stanley,_Ph.D/The_Millionaire_Next_Door_Disc_7
Playing MPEG stream from 18_18.mp3 ...
MPEG 1.0 layer III, 128 kbit/s, 44100 Hz joint-stereo
Error opening unknown libao pulse driver. (Is device in use?)
-r-x------ 1 sbp366x24 sbp366x24 2848300 Dec 25  2018 /home/sbp366x24/Music/EAR_AUDIO/TRILLIONAIRE/Thomas_J._Stanley,_Ph.D/The_Millionaire_Next_Door_Disc_6/11_11.mp3
High Performance MPEG 1.0/2.0/2.5 Audio Player for Layer 1, 2, and 3.
Version 0.3.2-1 (2012/03/25). Written and copyrights by Joe Drew,
now maintained by Nanakos Chrysostomos and others.
Uses code from various people. See 'README' for more!
THIS SOFTWARE COMES WITH ABSOLUTELY NO WARRANTY! USE AT YOUR OWN RISK!
tcgetattr(): Inappropriate ioctl for device
Title	: 11                             Artist : Thomas J. Stanley, Ph.D.      
Album	: The Millionaire Next Door Disc Year	 :                               
Comment :                                Genre : Personal Accounting           

Directory: /home/sbp366x24/Music/EAR_AUDIO/TRILLIONAIRE/Thomas_J._Stanley,_Ph.D/The_Millionaire_Next_Door_Disc_6
Playing MPEG stream from 11_11.mp3 ...
MPEG 1.0 layer III, 128 kbit/s, 44100 Hz joint-stereo
Error opening unknown libao pulse driver. (Is device in use?)
-r-x------ 1 sbp366x24 sbp366x24 3160633 Dec 25  2018 /home/sbp366x24/Music/EAR_AUDIO/TRILLIONAIRE/Thomas_J._Stanley,_Ph.D/The_Millionaire_Next_Door_Disc_5/08_5_08.mp3
High Performance MPEG 1.0/2.0/2.5 Audio Player for Layer 1, 2, and 3.
Version 0.3.2-1 (2012/03/25). Written and copyrights by Joe Drew,
now maintained by Nanakos Chrysostomos and others.
Uses code from various people. See 'README' for more!
THIS SOFTWARE COMES WITH ABSOLUTELY NO WARRANTY! USE AT YOUR OWN RISK!
tcgetattr(): Inappropriate ioctl for device
Title	: 5-08                           Artist : Thomas J. Stanley, Ph.D.      
Album	: The Millionaire Next Door Disc Year	 :                               
Comment :                                Genre : Personal Accounting           

Directory: /home/sbp366x24/Music/EAR_AUDIO/TRILLIONAIRE/Thomas_J._Stanley,_Ph.D/The_Millionaire_Next_Door_Disc_5
Playing MPEG stream from 08_5_08.mp3 ...
MPEG 1.0 layer III, 128 kbit/s, 44100 Hz joint-stereo
Error opening unknown libao pulse driver. (Is device in use?)
-r-x------ 1 sbp366x24 sbp366x24 3460456 Dec 25  2018 /home/sbp366x24/Music/EAR_AUDIO/TRILLIONAIRE/Thomas_J._Stanley,_Ph.D/The_Millionaire_Next_Door_Disc_5/19_5_19.mp3
High Performance MPEG 1.0/2.0/2.5 Audio Player for Layer 1, 2, and 3.
Version 0.3.2-1 (2012/03/25). Written and copyrights by Joe Drew,
now maintained by Nanakos Chrysostomos and others.
Uses code from various people. See 'README' for more!
THIS SOFTWARE COMES WITH ABSOLUTELY NO WARRANTY! USE AT YOUR OWN RISK!
tcgetattr(): Inappropriate ioctl for device
Title	: 5-19                           Artist : Thomas J. Stanley, Ph.D.      
Album	: The Millionaire Next Door Disc Year	 :                               
Comment :                                Genre : Personal Accounting           

Directory: /home/sbp366x24/Music/EAR_AUDIO/TRILLIONAIRE/Thomas_J._Stanley,_Ph.D/The_Millionaire_Next_Door_Disc_5
Playing MPEG stream from 19_5_19.mp3 ...
MPEG 1.0 layer III, 128 kbit/s, 44100 Hz joint-stereo
Error opening unknown libao pulse driver. (Is device in use?)
-r-x------ 1 sbp366x24 sbp366x24 2951299 Dec 25  2018 /home/sbp366x24/Music/EAR_AUDIO/TRILLIONAIRE/Thomas_J._Stanley,_Ph.D/The_Millionaire_Next_Door_Disc_5/16_5_16.mp3
High Performance MPEG 1.0/2.0/2.5 Audio Player for Layer 1, 2, and 3.
Version 0.3.2-1 (2012/03/25). Written and copyrights by Joe Drew,
now maintained by Nanakos Chrysostomos and others.
Uses code from various people. See 'README' for more!
THIS SOFTWARE COMES WITH ABSOLUTELY NO WARRANTY! USE AT YOUR OWN RISK!
tcgetattr(): Inappropriate ioctl for device
Title	: 5-16                           Artist : Thomas J. Stanley, Ph.D.      
Album	: The Millionaire Next Door Disc Year	 :                               
Comment :                                Genre : Personal Accounting           

Directory: /home/sbp366x24/Music/EAR_AUDIO/TRILLIONAIRE/Thomas_J._Stanley,_Ph.D/The_Millionaire_Next_Door_Disc_5
Playing MPEG stream from 16_5_16.mp3 ...
MPEG 1.0 layer III, 128 kbit/s, 44100 Hz joint-stereo
Error opening unknown libao pulse driver. (Is device in use?)
-r-x------ 1 sbp366x24 sbp366x24 2819110 Dec 25  2018 /home/sbp366x24/Music/EAR_AUDIO/TRILLIONAIRE/Thomas_J._Stanley,_Ph.D/The_Millionaire_Next_Door/11_04_11.mp3
High Performance MPEG 1.0/2.0/2.5 Audio Player for Layer 1, 2, and 3.
Version 0.3.2-1 (2012/03/25). Written and copyrights by Joe Drew,
now maintained by Nanakos Chrysostomos and others.
Uses code from various people. See 'README' for more!
THIS SOFTWARE COMES WITH ABSOLUTELY NO WARRANTY! USE AT YOUR OWN RISK!
tcgetattr(): Inappropriate ioctl for device
Title	: 04-11                          Artist : Thomas J. Stanley, Ph.D.      
Album	: The Millionaire Next Door Disc Year	 :                               
Comment :                                Genre : Personal Accounting           

Directory: /home/sbp366x24/Music/EAR_AUDIO/TRILLIONAIRE/Thomas_J._Stanley,_Ph.D/The_Millionaire_Next_Door
Playing MPEG stream from 11_04_11.mp3 ...
MPEG 1.0 layer III, 128 kbit/s, 44100 Hz joint-stereo
Error opening unknown libao pulse driver. (Is device in use?)
-r-x------ 1 sbp366x24 sbp366x24 3313672 Dec 25  2018 /home/sbp366x24/Music/EAR_AUDIO/TRILLIONAIRE/Thomas_J._Stanley,_Ph.D/The_Millionaire_Next_Door_Disc_4/17_04_17.mp3
High Performance MPEG 1.0/2.0/2.5 Audio Player for Layer 1, 2, and 3.
Version 0.3.2-1 (2012/03/25). Written and copyrights by Joe Drew,
now maintained by Nanakos Chrysostomos and others.
Uses code from various people. See 'README' for more!
THIS SOFTWARE COMES WITH ABSOLUTELY NO WARRANTY! USE AT YOUR OWN RISK!
tcgetattr(): Inappropriate ioctl for device
Title	: 04-17                          Artist : Thomas J. Stanley, Ph.D.      
Album	: The Millionaire Next Door Disc Year	 :                               
Comment :                                Genre : Personal Accounting           

Directory: /home/sbp366x24/Music/EAR_AUDIO/TRILLIONAIRE/Thomas_J._Stanley,_Ph.D/The_Millionaire_Next_Door_Disc_4
Playing MPEG stream from 17_04_17.mp3 ...
MPEG 1.0 layer III, 128 kbit/s, 44100 Hz joint-stereo
Error opening unknown libao pulse driver. (Is device in use?)
-r-x------ 1 sbp366x24 sbp366x24 2949631 Dec 25  2018 /home/sbp366x24/Music/EAR_AUDIO/TRILLIONAIRE/Thomas_J._Stanley,_Ph.D/The_Millionaire_Next_Door_Disc_7/07_7.mp3
High Performance MPEG 1.0/2.0/2.5 Audio Player for Layer 1, 2, and 3.
Version 0.3.2-1 (2012/03/25). Written and copyrights by Joe Drew,
now maintained by Nanakos Chrysostomos and others.
Uses code from various people. See 'README' for more!
THIS SOFTWARE COMES WITH ABSOLUTELY NO WARRANTY! USE AT YOUR OWN RISK!
tcgetattr(): Inappropriate ioctl for device
Title	: 7                              Artist : Thomas J. Stanley, Ph.D.      
Album	: The Millionaire Next Door Disc Year	 :                               
Comment :                                Genre : Personal Accounting           

Directory: /home/sbp366x24/Music/EAR_AUDIO/TRILLIONAIRE/Thomas_J._Stanley,_Ph.D/The_Millionaire_Next_Door_Disc_7
Playing MPEG stream from 07_7.mp3 ...
MPEG 1.0 layer III, 128 kbit/s, 44100 Hz joint-stereo
Error opening unknown libao pulse driver. (Is device in use?)
-r-x------ 1 sbp366x24 sbp366x24 3615580 Dec 25  2018 /home/sbp366x24/Music/EAR_AUDIO/TRILLIONAIRE/Thomas_J._Stanley,_Ph.D/The_Millionaire_Next_Door/05_04_05.mp3
High Performance MPEG 1.0/2.0/2.5 Audio Player for Layer 1, 2, and 3.
Version 0.3.2-1 (2012/03/25). Written and copyrights by Joe Drew,
now maintained by Nanakos Chrysostomos and others.
Uses code from various people. See 'README' for more!
THIS SOFTWARE COMES WITH ABSOLUTELY NO WARRANTY! USE AT YOUR OWN RISK!
tcgetattr(): Inappropriate ioctl for device
Title	: 04-05                          Artist : Thomas J. Stanley, Ph.D.      
Album	: The Millionaire Next Door Disc Year	 :                               
Comment :                                Genre : Personal Accounting           

Directory: /home/sbp366x24/Music/EAR_AUDIO/TRILLIONAIRE/Thomas_J._Stanley,_Ph.D/The_Millionaire_Next_Door
Playing MPEG stream from 05_04_05.mp3 ...
MPEG 1.0 layer III, 128 kbit/s, 44100 Hz joint-stereo
Error opening unknown libao pulse driver. (Is device in use?)
-r-x------ 1 sbp366x24 sbp366x24 2966311 Dec 25  2018 /home/sbp366x24/Music/EAR_AUDIO/TRILLIONAIRE/Thomas_J._Stanley,_Ph.D/The_Millionaire_Next_Door_Disc_4/01_01_01.mp3
High Performance MPEG 1.0/2.0/2.5 Audio Player for Layer 1, 2, and 3.
Version 0.3.2-1 (2012/03/25). Written and copyrights by Joe Drew,
now maintained by Nanakos Chrysostomos and others.
Uses code from various people. See 'README' for more!
THIS SOFTWARE COMES WITH ABSOLUTELY NO WARRANTY! USE AT YOUR OWN RISK!
tcgetattr(): Inappropriate ioctl for device
Title	: 01-01                          Artist : Thomas J. Stanley, Ph.D.      
Album	: The Millionaire Next Door Disc Year	 :                               
Comment :                                Genre : Personal Accounting           

Directory: /home/sbp366x24/Music/EAR_AUDIO/TRILLIONAIRE/Thomas_J._Stanley,_Ph.D/The_Millionaire_Next_Door_Disc_4
Playing MPEG stream from 01_01_01.mp3 ...
MPEG 1.0 layer III, 128 kbit/s, 44100 Hz joint-stereo
Error opening unknown libao pulse driver. (Is device in use?)
-r-x------ 1 sbp366x24 sbp366x24 3505492 Dec 25  2018 /home/sbp366x24/Music/EAR_AUDIO/TRILLIONAIRE/Thomas_J._Stanley,_Ph.D/The_Millionaire_Next_Door_Disc_6/05_5.mp3
High Performance MPEG 1.0/2.0/2.5 Audio Player for Layer 1, 2, and 3.
Version 0.3.2-1 (2012/03/25). Written and copyrights by Joe Drew,
now maintained by Nanakos Chrysostomos and others.
Uses code from various people. See 'README' for more!
THIS SOFTWARE COMES WITH ABSOLUTELY NO WARRANTY! USE AT YOUR OWN RISK!
tcgetattr(): Inappropriate ioctl for device
Title	: 5                              Artist : Thomas J. Stanley, Ph.D.      
Album	: The Millionaire Next Door Disc Year	 :                               
Comment :                                Genre : Personal Accounting           

Directory: /home/sbp366x24/Music/EAR_AUDIO/TRILLIONAIRE/Thomas_J._Stanley,_Ph.D/The_Millionaire_Next_Door_Disc_6
Playing MPEG stream from 05_5.mp3 ...
MPEG 1.0 layer III, 128 kbit/s, 44100 Hz joint-stereo
Error opening unknown libao pulse driver. (Is device in use?)
-r-x------ 1 sbp366x24 sbp366x24 2956720 Dec 25  2018 /home/sbp366x24/Music/EAR_AUDIO/TRILLIONAIRE/Thomas_J._Stanley,_Ph.D/The_Millionaire_Next_Door_Disc_6/09_9.mp3
High Performance MPEG 1.0/2.0/2.5 Audio Player for Layer 1, 2, and 3.
Version 0.3.2-1 (2012/03/25). Written and copyrights by Joe Drew,
now maintained by Nanakos Chrysostomos and others.
Uses code from various people. See 'README' for more!
THIS SOFTWARE COMES WITH ABSOLUTELY NO WARRANTY! USE AT YOUR OWN RISK!
tcgetattr(): Inappropriate ioctl for device
Title	: 9                              Artist : Thomas J. Stanley, Ph.D.      
Album	: The Millionaire Next Door Disc Year	 :                               
Comment :                                Genre : Personal Accounting           

Directory: /home/sbp366x24/Music/EAR_AUDIO/TRILLIONAIRE/Thomas_J._Stanley,_Ph.D/The_Millionaire_Next_Door_Disc_6
Playing MPEG stream from 09_9.mp3 ...
MPEG 1.0 layer III, 128 kbit/s, 44100 Hz joint-stereo
Error opening unknown libao pulse driver. (Is device in use?)
-r-x------ 1 sbp366x24 sbp366x24 2807017 Dec 25  2018 /home/sbp366x24/Music/EAR_AUDIO/TRILLIONAIRE/Thomas_J._Stanley,_Ph.D/The_Millionaire_Next_Door_Disc_6/19_19.mp3
High Performance MPEG 1.0/2.0/2.5 Audio Player for Layer 1, 2, and 3.
Version 0.3.2-1 (2012/03/25). Written and copyrights by Joe Drew,
now maintained by Nanakos Chrysostomos and others.
Uses code from various people. See 'README' for more!
THIS SOFTWARE COMES WITH ABSOLUTELY NO WARRANTY! USE AT YOUR OWN RISK!
tcgetattr(): Inappropriate ioctl for device
Title	: 19                             Artist : Thomas J. Stanley, Ph.D.      
Album	: The Millionaire Next Door Disc Year	 :                               
Comment :                                Genre : Personal Accounting           

Directory: /home/sbp366x24/Music/EAR_AUDIO/TRILLIONAIRE/Thomas_J._Stanley,_Ph.D/The_Millionaire_Next_Door_Disc_6
Playing MPEG stream from 19_19.mp3 ...
MPEG 1.0 layer III, 128 kbit/s, 44100 Hz joint-stereo
Error opening unknown libao pulse driver. (Is device in use?)
-r-x------ 1 sbp366x24 sbp366x24 3358708 Dec 25  2018 /home/sbp366x24/Music/EAR_AUDIO/TRILLIONAIRE/Thomas_J._Stanley,_Ph.D/The_Millionaire_Next_Door_Disc_4/09_04_09.mp3
High Performance MPEG 1.0/2.0/2.5 Audio Player for Layer 1, 2, and 3.
Version 0.3.2-1 (2012/03/25). Written and copyrights by Joe Drew,
now maintained by Nanakos Chrysostomos and others.
Uses code from various people. See 'README' for more!
THIS SOFTWARE COMES WITH ABSOLUTELY NO WARRANTY! USE AT YOUR OWN RISK!
tcgetattr(): Inappropriate ioctl for device
Title	: 04-09                          Artist : Thomas J. Stanley, Ph.D.      
Album	: The Millionaire Next Door Disc Year	 :                               
Comment :                                Genre : Personal Accounting           

Directory: /home/sbp366x24/Music/EAR_AUDIO/TRILLIONAIRE/Thomas_J._Stanley,_Ph.D/The_Millionaire_Next_Door_Disc_4
Playing MPEG stream from 09_04_09.mp3 ...
MPEG 1.0 layer III, 128 kbit/s, 44100 Hz joint-stereo
Error opening unknown libao pulse driver. (Is device in use?)
-r-x------ 1 sbp366x24 sbp366x24 3665620 Dec 25  2018 /home/sbp366x24/Music/EAR_AUDIO/TRILLIONAIRE/Thomas_J._Stanley,_Ph.D/The_Millionaire_Next_Door/20_04_20.mp3
High Performance MPEG 1.0/2.0/2.5 Audio Player for Layer 1, 2, and 3.
Version 0.3.2-1 (2012/03/25). Written and copyrights by Joe Drew,
now maintained by Nanakos Chrysostomos and others.
Uses code from various people. See 'README' for more!
THIS SOFTWARE COMES WITH ABSOLUTELY NO WARRANTY! USE AT YOUR OWN RISK!
tcgetattr(): Inappropriate ioctl for device
Title	: 04-20                          Artist : Thomas J. Stanley, Ph.D.      
Album	: The Millionaire Next Door Disc Year	 :                               
Comment :                                Genre : Personal Accounting           

Directory: /home/sbp366x24/Music/EAR_AUDIO/TRILLIONAIRE/Thomas_J._Stanley,_Ph.D/The_Millionaire_Next_Door
Playing MPEG stream from 20_04_20.mp3 ...
MPEG 1.0 layer III, 128 kbit/s, 44100 Hz joint-stereo
Error opening unknown libao pulse driver. (Is device in use?)
-r-x------ 1 sbp366x24 sbp366x24 2812855 Dec 25  2018 /home/sbp366x24/Music/EAR_AUDIO/TRILLIONAIRE/Thomas_J._Stanley,_Ph.D/The_Millionaire_Next_Door_Disc_6/02_2.mp3
High Performance MPEG 1.0/2.0/2.5 Audio Player for Layer 1, 2, and 3.
Version 0.3.2-1 (2012/03/25). Written and copyrights by Joe Drew,
now maintained by Nanakos Chrysostomos and others.
Uses code from various people. See 'README' for more!
THIS SOFTWARE COMES WITH ABSOLUTELY NO WARRANTY! USE AT YOUR OWN RISK!
tcgetattr(): Inappropriate ioctl for device
Title	: 2                              Artist : Thomas J. Stanley, Ph.D.      
Album	: The Millionaire Next Door Disc Year	 :                               
Comment :                                Genre : Personal Accounting           

Directory: /home/sbp366x24/Music/EAR_AUDIO/TRILLIONAIRE/Thomas_J._Stanley,_Ph.D/The_Millionaire_Next_Door_Disc_6
Playing MPEG stream from 02_2.mp3 ...
MPEG 1.0 layer III, 128 kbit/s, 44100 Hz joint-stereo
Error opening unknown libao pulse driver. (Is device in use?)
-r-x------ 1 sbp366x24 sbp366x24 3721498 Dec 25  2018 /home/sbp366x24/Music/EAR_AUDIO/TRILLIONAIRE/Thomas_J._Stanley,_Ph.D/The_Millionaire_Next_Door/08_04_08.mp3
High Performance MPEG 1.0/2.0/2.5 Audio Player for Layer 1, 2, and 3.
Version 0.3.2-1 (2012/03/25). Written and copyrights by Joe Drew,
now maintained by Nanakos Chrysostomos and others.
Uses code from various people. See 'README' for more!
THIS SOFTWARE COMES WITH ABSOLUTELY NO WARRANTY! USE AT YOUR OWN RISK!
tcgetattr(): Inappropriate ioctl for device
Title	: 04-08                          Artist : Thomas J. Stanley, Ph.D.      
Album	: The Millionaire Next Door Disc Year	 :                               
Comment :                                Genre : Personal Accounting           

Directory: /home/sbp366x24/Music/EAR_AUDIO/TRILLIONAIRE/Thomas_J._Stanley,_Ph.D/The_Millionaire_Next_Door
Playing MPEG stream from 08_04_08.mp3 ...
MPEG 1.0 layer III, 128 kbit/s, 44100 Hz joint-stereo
Error opening unknown libao pulse driver. (Is device in use?)
-r-x------ 1 sbp366x24 sbp366x24 3576382 Dec 25  2018 /home/sbp366x24/Music/EAR_AUDIO/TRILLIONAIRE/Thomas_J._Stanley,_Ph.D/The_Millionaire_Next_Door_Disc_4/02_01_02.mp3
High Performance MPEG 1.0/2.0/2.5 Audio Player for Layer 1, 2, and 3.
Version 0.3.2-1 (2012/03/25). Written and copyrights by Joe Drew,
now maintained by Nanakos Chrysostomos and others.
Uses code from various people. See 'README' for more!
THIS SOFTWARE COMES WITH ABSOLUTELY NO WARRANTY! USE AT YOUR OWN RISK!
tcgetattr(): Inappropriate ioctl for device
Title	: 01-02                          Artist : Thomas J. Stanley, Ph.D.      
Album	: The Millionaire Next Door Disc Year	 :                               
Comment :                                Genre : Personal Accounting           

Directory: /home/sbp366x24/Music/EAR_AUDIO/TRILLIONAIRE/Thomas_J._Stanley,_Ph.D/The_Millionaire_Next_Door_Disc_4
Playing MPEG stream from 02_01_02.mp3 ...
MPEG 1.0 layer III, 128 kbit/s, 44100 Hz joint-stereo
Error opening unknown libao pulse driver. (Is device in use?)
-r-x------ 1 sbp366x24 sbp366x24 3406246 Dec 25  2018 /home/sbp366x24/Music/EAR_AUDIO/TRILLIONAIRE/Thomas_J._Stanley,_Ph.D/The_Millionaire_Next_Door_Disc_7/11_11.mp3
High Performance MPEG 1.0/2.0/2.5 Audio Player for Layer 1, 2, and 3.
Version 0.3.2-1 (2012/03/25). Written and copyrights by Joe Drew,
now maintained by Nanakos Chrysostomos and others.
Uses code from various people. See 'README' for more!
THIS SOFTWARE COMES WITH ABSOLUTELY NO WARRANTY! USE AT YOUR OWN RISK!
tcgetattr(): Inappropriate ioctl for device
Title	: 11                             Artist : Thomas J. Stanley, Ph.D.      
Album	: The Millionaire Next Door Disc Year	 :                               
Comment :                                Genre : Personal Accounting           

Directory: /home/sbp366x24/Music/EAR_AUDIO/TRILLIONAIRE/Thomas_J._Stanley,_Ph.D/The_Millionaire_Next_Door_Disc_7
Playing MPEG stream from 11_11.mp3 ...
MPEG 1.0 layer III, 128 kbit/s, 44100 Hz joint-stereo
Error opening unknown libao pulse driver. (Is device in use?)
-r-x------ 1 sbp366x24 sbp366x24 2766151 Dec 25  2018 /home/sbp366x24/Music/EAR_AUDIO/TRILLIONAIRE/Thomas_J._Stanley,_Ph.D/The_Millionaire_Next_Door_Disc_6/15_15.mp3
High Performance MPEG 1.0/2.0/2.5 Audio Player for Layer 1, 2, and 3.
Version 0.3.2-1 (2012/03/25). Written and copyrights by Joe Drew,
now maintained by Nanakos Chrysostomos and others.
Uses code from various people. See 'README' for more!
THIS SOFTWARE COMES WITH ABSOLUTELY NO WARRANTY! USE AT YOUR OWN RISK!
tcgetattr(): Inappropriate ioctl for device
Title	: 15                             Artist : Thomas J. Stanley, Ph.D.      
Album	: The Millionaire Next Door Disc Year	 :                               
Comment :                                Genre : Personal Accounting           

Directory: /home/sbp366x24/Music/EAR_AUDIO/TRILLIONAIRE/Thomas_J._Stanley,_Ph.D/The_Millionaire_Next_Door_Disc_6
Playing MPEG stream from 15_15.mp3 ...
MPEG 1.0 layer III, 128 kbit/s, 44100 Hz joint-stereo
Error opening unknown libao pulse driver. (Is device in use?)
-r-x------ 1 sbp366x24 sbp366x24 3223183 Dec 25  2018 /home/sbp366x24/Music/EAR_AUDIO/TRILLIONAIRE/Thomas_J._Stanley,_Ph.D/The_Millionaire_Next_Door_Disc_5/14_5_14.mp3
High Performance MPEG 1.0/2.0/2.5 Audio Player for Layer 1, 2, and 3.
Version 0.3.2-1 (2012/03/25). Written and copyrights by Joe Drew,
now maintained by Nanakos Chrysostomos and others.
Uses code from various people. See 'README' for more!
THIS SOFTWARE COMES WITH ABSOLUTELY NO WARRANTY! USE AT YOUR OWN RISK!
tcgetattr(): Inappropriate ioctl for device
